{"C:\\hy-sql-frontend\\src\\App.js": {"path":"C:\\hy-sql-frontend\\src\\App.js","statementMap":{"0":{"start":{"line":3,"column":0},"end":{"line":3,"column":26}},"1":{"start":{"line":6,"column":28},"end":{"line":6,"column":40}},"2":{"start":{"line":8,"column":19},"end":{"line":8,"column":50}},"3":{"start":{"line":9,"column":2},"end":{"line":9,"column":47}},"4":{"start":{"line":10,"column":2},"end":{"line":10,"column":36}},"5":{"start":{"line":12,"column":2},"end":{"line":16,"column":16}},"6":{"start":{"line":13,"column":4},"end":{"line":15,"column":6}},"7":{"start":{"line":14,"column":6},"end":{"line":14,"column":25}},"8":{"start":{"line":17,"column":17},"end":{"line":17,"column":33}},"9":{"start":{"line":19,"column":2},"end":{"line":25,"column":3}}},"fnMap":{"0":{"name":"App","decl":{"start":{"line":5,"column":9},"end":{"line":5,"column":12}},"loc":{"start":{"line":5,"column":15},"end":{"line":26,"column":1}},"line":5},"1":{"name":"(anonymous_1)","decl":{"start":{"line":12,"column":12},"end":{"line":12,"column":13}},"loc":{"start":{"line":12,"column":18},"end":{"line":16,"column":3}},"line":12},"2":{"name":"(anonymous_2)","decl":{"start":{"line":13,"column":36},"end":{"line":13,"column":37}},"loc":{"start":{"line":13,"column":51},"end":{"line":15,"column":5}},"line":13}},"branchMap":{},"s":{"0":24,"1":36,"2":36,"3":36,"4":36,"5":36,"6":23,"7":13,"8":36,"9":36},"f":{"0":36,"1":23,"2":13},"b":{},"_coverageSchema":"43e27e138ebf9cfc5966b082cf9a028302ed4184","hash":"0ea1d23c795ac591a9b22d7beea0ea7b351efb4a"}
,"C:\\hy-sql-frontend\\src\\index.js": {"path":"C:\\hy-sql-frontend\\src\\index.js","statementMap":{"0":{"start":{"line":5,"column":0},"end":{"line":5,"column":57}}},"fnMap":{},"branchMap":{},"s":{"0":23},"f":{},"b":{},"_coverageSchema":"43e27e138ebf9cfc5966b082cf9a028302ed4184","hash":"cd9b931b5c12d848ea33bb4afd29491c4305aee2"}
,"C:\\hy-sql-frontend\\src\\services\\ping.js": {"path":"C:\\hy-sql-frontend\\src\\services\\ping.js","statementMap":{"0":{"start":{"line":2,"column":16},"end":{"line":2,"column":27}},"1":{"start":{"line":4,"column":13},"end":{"line":7,"column":1}},"2":{"start":{"line":5,"column":19},"end":{"line":5,"column":59}},"3":{"start":{"line":6,"column":2},"end":{"line":6,"column":22}}},"fnMap":{"0":{"name":"(anonymous_0)","decl":{"start":{"line":4,"column":13},"end":{"line":4,"column":14}},"loc":{"start":{"line":4,"column":33},"end":{"line":7,"column":1}},"line":4}},"branchMap":{},"s":{"0":24,"1":24,"2":23,"3":13},"f":{"0":23},"b":{},"_coverageSchema":"1a1c01bbd47fc00a2c39e90264f33305004495a9","hash":"e55fcd336276d03f99d73c849f27df1ec3f136bf"}
}
