<?xml version="1.0" encoding="UTF-8"?>
<coverage generated="1591518448061" clover="3.2.0">
  <project timestamp="1591518448061" name="All files">
    <metrics statements="15" coveredstatements="15" conditionals="0" coveredconditionals="0" methods="4" coveredmethods="4" elements="19" coveredelements="19" complexity="0" loc="15" ncloc="15" packages="2" files="3" classes="3"/>
    <package name="src">
      <metrics statements="11" coveredstatements="11" conditionals="0" coveredconditionals="0" methods="3" coveredmethods="3"/>
      <file name="App.js" path="C:\hy-sql-frontend\src\App.js">
        <metrics statements="10" coveredstatements="10" conditionals="0" coveredconditionals="0" methods="3" coveredmethods="3"/>
        <line num="3" count="24" type="stmt"/>
        <line num="6" count="36" type="stmt"/>
        <line num="8" count="36" type="stmt"/>
        <line num="9" count="36" type="stmt"/>
        <line num="10" count="36" type="stmt"/>
        <line num="12" count="36" type="stmt"/>
        <line num="13" count="23" type="stmt"/>
        <line num="14" count="13" type="stmt"/>
        <line num="17" count="36" type="stmt"/>
        <line num="19" count="36" type="stmt"/>
      </file>
      <file name="index.js" path="C:\hy-sql-frontend\src\index.js">
        <metrics statements="1" coveredstatements="1" conditionals="0" coveredconditionals="0" methods="0" coveredmethods="0"/>
        <line num="5" count="23" type="stmt"/>
      </file>
    </package>
    <package name="src.services">
      <metrics statements="4" coveredstatements="4" conditionals="0" coveredconditionals="0" methods="1" coveredmethods="1"/>
      <file name="ping.js" path="C:\hy-sql-frontend\src\services\ping.js">
        <metrics statements="4" coveredstatements="4" conditionals="0" coveredconditionals="0" methods="1" coveredmethods="1"/>
        <line num="2" count="24" type="stmt"/>
        <line num="4" count="24" type="stmt"/>
        <line num="5" count="23" type="stmt"/>
        <line num="6" count="13" type="stmt"/>
      </file>
    </package>
  </project>
</coverage>
